# JRE version: Java(TM) SE Runtime Environment (8.0_191-b12) (build 1.8.0_191-b12)
# Java VM: Java HotSpot(TM) 64-Bit Server VM (25.191-b12 mixed mode windows-amd64 compressed oops)
Heap:
 PSYoungGen      total 317440K, used 195859K [0x00000000d6200000, 0x00000000f0100000, 0x0000000100000000)
  eden space 303104K, 64% used [0x00000000d6200000,0x00000000e2144eb0,0x00000000e8a00000)
  from space 14336K, 0% used [0x00000000e8a00000,0x00000000e8a00000,0x00000000e9800000)
  to   space 18432K, 0% used [0x00000000eef00000,0x00000000eef00000,0x00000000f0100000)
 ParOldGen       total 114688K, used 32999K [0x0000000082600000, 0x0000000089600000, 0x00000000d6200000)
  object space 114688K, 28% used [0x0000000082600000,0x0000000084639f50,0x0000000089600000)
 Metaspace       used 63802K, capacity 66648K, committed 66648K, reserved 1107968K
  class space    used 8563K, capacity 9048K, committed 9048K, reserved 1048576K
GC Heap History (10 events):
Event: 3.071 GC heap before
{Heap before GC invocations=10 (full 1):
 PSYoungGen      total 227840K, used 34864K [0x00000000d6200000, 0x00000000e4e80000, 0x0000000100000000)
  eden space 218624K, 11% used [0x00000000d6200000,0x00000000d7b11628,0x00000000e3780000)
  from space 9216K, 99% used [0x00000000e4580000,0x00000000e4e7ac90,0x00000000e4e80000)
  to   space 11264K, 0% used [0x00000000e3880000,0x00000000e3880000,0x00000000e4380000)
 ParOldGen       total 50176K, used 8798K [0x0000000082600000, 0x0000000085700000, 0x00000000d6200000)
  object space 50176K, 17% used [0x0000000082600000,0x0000000082e97a80,0x0000000085700000)
 Metaspace       used 33808K, capacity 35332K, committed 35416K, reserved 1079296K
  class space    used 4329K, capacity 4630K, committed 4696K, reserved 1048576K
Event: 3.078 GC heap after
Heap after GC invocations=10 (full 1):
 PSYoungGen      total 230912K, used 11152K [0x00000000d6200000, 0x00000000ea600000, 0x0000000100000000)
  eden space 219648K, 0% used [0x00000000d6200000,0x00000000d6200000,0x00000000e3880000)
  from space 11264K, 99% used [0x00000000e3880000,0x00000000e4364040,0x00000000e4380000)
  to   space 12800K, 0% used [0x00000000e9980000,0x00000000e9980000,0x00000000ea600000)
 ParOldGen       total 50176K, used 8806K [0x0000000082600000, 0x0000000085700000, 0x00000000d6200000)
  object space 50176K, 17% used [0x0000000082600000,0x0000000082e99a80,0x0000000085700000)
 Metaspace       used 33808K, capacity 35332K, committed 35416K, reserved 1079296K
  class space    used 4329K, capacity 4630K, committed 4696K, reserved 1048576K
}
Event: 3.078 GC heap before
{Heap before GC invocations=11 (full 2):
 PSYoungGen      total 230912K, used 11152K [0x00000000d6200000, 0x00000000ea600000, 0x0000000100000000)
  eden space 219648K, 0% used [0x00000000d6200000,0x00000000d6200000,0x00000000e3880000)
  from space 11264K, 99% used [0x00000000e3880000,0x00000000e4364040,0x00000000e4380000)
  to   space 12800K, 0% used [0x00000000e9980000,0x00000000e9980000,0x00000000ea600000)
 ParOldGen       total 50176K, used 8806K [0x0000000082600000, 0x0000000085700000, 0x00000000d6200000)
  object space 50176K, 17% used [0x0000000082600000,0x0000000082e99a80,0x0000000085700000)
 Metaspace       used 33808K, capacity 35332K, committed 35416K, reserved 1079296K
  class space    used 4329K, capacity 4630K, committed 4696K, reserved 1048576K
Event: 3.113 GC heap after
Heap after GC invocations=11 (full 2):
 PSYoungGen      total 230912K, used 0K [0x00000000d6200000, 0x00000000ea600000, 0x0000000100000000)
  eden space 219648K, 0% used [0x00000000d6200000,0x00000000d6200000,0x00000000e3880000)
  from space 11264K, 0% used [0x00000000e3880000,0x00000000e3880000,0x00000000e4380000)
  to   space 12800K, 0% used [0x00000000e9980000,0x00000000e9980000,0x00000000ea600000)
 ParOldGen       total 76800K, used 16110K [0x0000000082600000, 0x0000000087100000, 0x00000000d6200000)
  object space 76800K, 20% used [0x0000000082600000,0x00000000835bbbc8,0x0000000087100000)
 Metaspace       used 33808K, capacity 35332K, committed 35416K, reserved 1079296K
  class space    used 4329K, capacity 4630K, committed 4696K, reserved 1048576K
}
Event: 4.373 GC heap before
{Heap before GC invocations=12 (full 2):
 PSYoungGen      total 230912K, used 219648K [0x00000000d6200000, 0x00000000ea600000, 0x0000000100000000)
  eden space 219648K, 100% used [0x00000000d6200000,0x00000000e3880000,0x00000000e3880000)
  from space 11264K, 0% used [0x00000000e3880000,0x00000000e3880000,0x00000000e4380000)
  to   space 12800K, 0% used [0x00000000e9980000,0x00000000e9980000,0x00000000ea600000)
 ParOldGen       total 76800K, used 16110K [0x0000000082600000, 0x0000000087100000, 0x00000000d6200000)
  object space 76800K, 20% used [0x0000000082600000,0x00000000835bbbc8,0x0000000087100000)
 Metaspace       used 44798K, capacity 46472K, committed 46680K, reserved 1089536K
  class space    used 5888K, capacity 6200K, committed 6232K, reserved 1048576K
Event: 4.383 GC heap after
Heap after GC invocations=12 (full 2):
 PSYoungGen      total 307200K, used 12785K [0x00000000d6200000, 0x00000000ea600000, 0x0000000100000000)
  eden space 294400K, 0% used [0x00000000d6200000,0x00000000d6200000,0x00000000e8180000)
  from space 12800K, 99% used [0x00000000e9980000,0x00000000ea5fc5f8,0x00000000ea600000)
  to   space 14336K, 0% used [0x00000000e8a00000,0x00000000e8a00000,0x00000000e9800000)
 ParOldGen       total 76800K, used 16868K [0x0000000082600000, 0x0000000087100000, 0x00000000d6200000)
  object space 76800K, 21% used [0x0000000082600000,0x00000000836791d8,0x0000000087100000)
 Metaspace       used 44798K, capacity 46472K, committed 46680K, reserved 1089536K
  class space    used 5888K, capacity 6200K, committed 6232K, reserved 1048576K
}
Event: 5.669 GC heap before
{Heap before GC invocations=13 (full 2):
 PSYoungGen      total 307200K, used 253418K [0x00000000d6200000, 0x00000000ea600000, 0x0000000100000000)
  eden space 294400K, 81% used [0x00000000d6200000,0x00000000e4cfe2f8,0x00000000e8180000)
  from space 12800K, 99% used [0x00000000e9980000,0x00000000ea5fc5f8,0x00000000ea600000)
  to   space 14336K, 0% used [0x00000000e8a00000,0x00000000e8a00000,0x00000000e9800000)
 ParOldGen       total 76800K, used 16868K [0x0000000082600000, 0x0000000087100000, 0x00000000d6200000)
  object space 76800K, 21% used [0x0000000082600000,0x00000000836791d8,0x0000000087100000)
 Metaspace       used 56524K, capacity 58912K, committed 58968K, reserved 1099776K
  class space    used 7606K, capacity 8020K, committed 8024K, reserved 1048576K
Event: 5.683 GC heap after
Heap after GC invocations=13 (full 2):
 PSYoungGen      total 317440K, used 14335K [0x00000000d6200000, 0x00000000f0100000, 0x0000000100000000)
  eden space 303104K, 0% used [0x00000000d6200000,0x00000000d6200000,0x00000000e8a00000)
  from space 14336K, 99% used [0x00000000e8a00000,0x00000000e97ffcb0,0x00000000e9800000)
  to   space 18432K, 0% used [0x00000000eef00000,0x00000000eef00000,0x00000000f0100000)
 ParOldGen       total 76800K, used 22118K [0x0000000082600000, 0x0000000087100000, 0x00000000d6200000)
  object space 76800K, 28% used [0x0000000082600000,0x0000000083b99b78,0x0000000087100000)
 Metaspace       used 56524K, capacity 58912K, committed 58968K, reserved 1099776K
  class space    used 7606K, capacity 8020K, committed 8024K, reserved 1048576K
}
Event: 5.683 GC heap before
{Heap before GC invocations=14 (full 3):
 PSYoungGen      total 317440K, used 14335K [0x00000000d6200000, 0x00000000f0100000, 0x0000000100000000)
  eden space 303104K, 0% used [0x00000000d6200000,0x00000000d6200000,0x00000000e8a00000)
  from space 14336K, 99% used [0x00000000e8a00000,0x00000000e97ffcb0,0x00000000e9800000)
  to   space 18432K, 0% used [0x00000000eef00000,0x00000000eef00000,0x00000000f0100000)
 ParOldGen       total 76800K, used 22118K [0x0000000082600000, 0x0000000087100000, 0x00000000d6200000)
  object space 76800K, 28% used [0x0000000082600000,0x0000000083b99b78,0x0000000087100000)
 Metaspace       used 56524K, capacity 58912K, committed 58968K, reserved 1099776K
  class space    used 7606K, capacity 8020K, committed 8024K, reserved 1048576K
Event: 5.783 GC heap after
Heap after GC invocations=14 (full 3):
 PSYoungGen      total 317440K, used 0K [0x00000000d6200000, 0x00000000f0100000, 0x0000000100000000)
  eden space 303104K, 0% used [0x00000000d6200000,0x00000000d6200000,0x00000000e8a00000)
  from space 14336K, 0% used [0x00000000e8a00000,0x00000000e8a00000,0x00000000e9800000)
  to   space 18432K, 0% used [0x00000000eef00000,0x00000000eef00000,0x00000000f0100000)
 ParOldGen       total 114688K, used 32999K [0x0000000082600000, 0x0000000089600000, 0x00000000d6200000)
  object space 114688K, 28% used [0x0000000082600000,0x0000000084639f50,0x0000000089600000)
 Metaspace       used 56524K, capacity 58912K, committed 58968K, reserved 1099776K
  class space    used 7606K, capacity 8020K, committed 8024K, reserved 1048576K
}

